-encoding
UTF-8
-outxml
-source
1.8
-target
1.8
-classpath
C:\Users\ramesshh\.m2\repository\org\springframework\spring-core\4.1.6.RELEASE\spring-core-4.1.6.RELEASE.jar;C:\Users\ramesshh\.m2\repository\commons-validator\commons-validator\1.4.1\commons-validator-1.4.1.jar;C:\Users\ramesshh\.m2\repository\org\springframework\spring-orm\4.1.6.RELEASE\spring-orm-4.1.6.RELEASE.jar;C:\Users\ramesshh\.m2\repository\org\springframework\spring-context\4.1.6.RELEASE\spring-context-4.1.6.RELEASE.jar;C:\Users\ramesshh\.m2\repository\org\springframework\spring-beans\4.1.6.RELEASE\spring-beans-4.1.6.RELEASE.jar;C:\Users\ramesshh\.m2\repository\org\springframework\spring-context-support\4.1.6.RELEASE\spring-context-support-4.1.6.RELEASE.jar;C:\Users\ramesshh\.m2\repository\org\springframework\spring-aop\4.1.6.RELEASE\spring-aop-4.1.6.RELEASE.jar;C:\Users\ramesshh\.m2\repository\org\springframework\spring-aspects\4.1.6.RELEASE\spring-aspects-4.1.6.RELEASE.jar;C:\Users\ramesshh\.m2\repository\org\springframework\spring-tx\4.1.6.RELEASE\spring-tx-4.1.6.RELEASE.jar;C:\Users\ramesshh\.m2\repository\org\springframework\spring-web\4.1.6.RELEASE\spring-web-4.1.6.RELEASE.jar;C:\Users\ramesshh\.m2\repository\org\springframework\spring-webmvc\4.1.6.RELEASE\spring-webmvc-4.1.6.RELEASE.jar;C:\Users\ramesshh\.m2\repository\org\springframework\spring-websocket\4.1.6.RELEASE\spring-websocket-4.1.6.RELEASE.jar;C:\Users\ramesshh\.m2\repository\org\apache\httpcomponents\httpclient\4.3.6\httpclient-4.3.6.jar;C:\Users\ramesshh\.m2\repository\org\springframework\security\spring-security-core\4.0.1.RELEASE\spring-security-core-4.0.1.RELEASE.jar;C:\Users\ramesshh\.m2\repository\org\springframework\security\spring-security-config\4.0.1.RELEASE\spring-security-config-4.0.1.RELEASE.jar;C:\Users\ramesshh\.m2\repository\org\springframework\security\spring-security-web\4.0.1.RELEASE\spring-security-web-4.0.1.RELEASE.jar;C:\Users\ramesshh\.m2\repository\org\springframework\data\spring-data-commons\1.9.2.RELEASE\spring-data-commons-1.9.2.RELEASE.jar;C:\Users\ramesshh\.m2\repository\org\springframework\data\spring-data-mongodb\1.6.2.RELEASE\spring-data-mongodb-1.6.2.RELEASE.jar;C:\Users\ramesshh\.m2\repository\org\springframework\data\spring-data-jpa\1.7.2.RELEASE\spring-data-jpa-1.7.2.RELEASE.jar;C:\Users\ramesshh\.m2\repository\org\mongodb\mongo-java-driver\3.0.2\mongo-java-driver-3.0.2.jar;C:\Users\ramesshh\.m2\repository\javax\servlet\javax.servlet-api\3.1.0\javax.servlet-api-3.1.0.jar;C:\Users\ramesshh\.m2\repository\javax\transaction\javax.transaction-api\1.2\javax.transaction-api-1.2.jar;C:\Users\ramesshh\.m2\repository\org\hibernate\javax\persistence\hibernate-jpa-2.1-api\1.0.0.Final\hibernate-jpa-2.1-api-1.0.0.Final.jar;C:\Users\ramesshh\.m2\repository\org\hibernate\hibernate-core\4.3.9.Final\hibernate-core-4.3.9.Final.jar;C:\Users\ramesshh\.m2\repository\org\hibernate\hibernate-envers\4.3.9.Final\hibernate-envers-4.3.9.Final.jar;C:\Users\ramesshh\.m2\repository\org\hibernate\hibernate-entitymanager\4.3.9.Final\hibernate-entitymanager-4.3.9.Final.jar;C:\Users\ramesshh\.m2\repository\org\hibernate\hibernate-validator\5.1.3.Final\hibernate-validator-5.1.3.Final.jar;C:\Users\ramesshh\.m2\repository\javax\validation\validation-api\1.1.0.Final\validation-api-1.1.0.Final.jar;C:\Users\ramesshh\.m2\repository\javax\inject\javax.inject\1\javax.inject-1.jar;C:\Users\ramesshh\.m2\repository\javax\annotation\jsr250-api\1.0\jsr250-api-1.0.jar;C:\Users\ramesshh\.m2\repository\javax\mail\mail\1.4.1\mail-1.4.1.jar;C:\Users\ramesshh\.m2\repository\javax\activation\activation\1.1.1\activation-1.1.1.jar;C:\Users\ramesshh\.m2\repository\joda-time\joda-time\2.5\joda-time-2.5.jar;C:\Users\ramesshh\.m2\repository\com\fasterxml\jackson\core\jackson-core\2.4.5\jackson-core-2.4.5.jar;C:\Users\ramesshh\.m2\repository\com\fasterxml\jackson\core\jackson-databind\2.4.5\jackson-databind-2.4.5.jar;C:\Users\ramesshh\.m2\repository\com\fasterxml\jackson\datatype\jackson-datatype-joda\2.4.5\jackson-datatype-joda-2.4.5.jar;C:\Users\ramesshh\.m2\repository\com\fasterxml\jackson\core\jackson-annotations\2.4.5\jackson-annotations-2.4.5.jar;C:\Users\ramesshh\.m2\repository\com\mangofactory\swagger-springmvc\0.9.5\swagger-springmvc-0.9.5.jar;C:\Users\ramesshh\.m2\repository\org\ajar\swagger-spring-mvc-ui\0.4\swagger-spring-mvc-ui-0.4.jar;C:\Users\ramesshh\.m2\repository\org\modelmapper\modelmapper\0.7.3\modelmapper-0.7.3.jar;C:\Users\ramesshh\.m2\repository\org\bouncycastle\bcprov-jdk16\1.46\bcprov-jdk16-1.46.jar;C:\Users\ramesshh\.m2\repository\log4j\log4j\1.2.17\log4j-1.2.17.jar;C:\Users\ramesshh\.m2\repository\org\slf4j\slf4j-api\1.7.9\slf4j-api-1.7.9.jar;C:\Users\ramesshh\.m2\repository\org\slf4j\jcl-over-slf4j\1.7.9\jcl-over-slf4j-1.7.9.jar;C:\Users\ramesshh\.m2\repository\org\slf4j\slf4j-log4j12\1.7.9\slf4j-log4j12-1.7.9.jar;C:\Users\ramesshh\.m2\repository\org\apache\commons\commons-lang3\3.3.2\commons-lang3-3.3.2.jar;C:\Users\ramesshh\.m2\repository\commons-codec\commons-codec\1.10\commons-codec-1.10.jar;C:\Users\ramesshh\.m2\repository\commons-io\commons-io\2.4\commons-io-2.4.jar;C:\Users\ramesshh\.m2\repository\commons-dbcp\commons-dbcp\1.4\commons-dbcp-1.4.jar;C:\Users\ramesshh\.m2\repository\org\aspectj\aspectjrt\1.8.4\aspectjrt-1.8.4.jar;C:\Users\ramesshh\.m2\repository\org\aspectj\aspectjweaver\1.8.4\aspectjweaver-1.8.4.jar;C:\Users\ramesshh\.m2\repository\org\webjars\bootstrap\3.3.1\bootstrap-3.3.1.jar;C:\Users\ramesshh\.m2\repository\org\webjars\angularjs\1.3.14\angularjs-1.3.14.jar;C:\Users\ramesshh\.m2\repository\org\webjars\angular-filter\0.4.9\angular-filter-0.4.9.jar;C:\Users\ramesshh\.m2\repository\org\webjars\angular-ui-bootstrap\0.13.0\angular-ui-bootstrap-0.13.0.jar;C:\Users\ramesshh\.m2\repository\org\webjars\angular-ui-utils\0.2.2\angular-ui-utils-0.2.2.jar;C:\Users\ramesshh\.m2\repository\org\webjars\angular-ui-router\0.2.15\angular-ui-router-0.2.15.jar;C:\Users\ramesshh\.m2\repository\org\webjars\angular-ui-calendar\0.9.0-beta.1\angular-ui-calendar-0.9.0-beta.1.jar;C:\Users\ramesshh\.m2\repository\org\webjars\angular-ui-date\0.0.5\angular-ui-date-0.0.5.jar;C:\Users\ramesshh\.m2\repository\org\webjars\bower\angular-utils-pagination\0.7.0\angular-utils-pagination-0.7.0.jar;C:\Users\ramesshh\.m2\repository\org\webjars\angular-ui-select\0.11.2\angular-ui-select-0.11.2.jar;C:\Users\ramesshh\.m2\repository\org\webjars\smart-table\2.0.3\smart-table-2.0.3.jar;C:\Users\ramesshh\.m2\repository\org\webjars\jquery\2.1.3\jquery-2.1.3.jar;C:\Users\ramesshh\.m2\repository\org\webjars\font-awesome\4.3.0-1\font-awesome-4.3.0-1.jar;C:\Users\ramesshh\.m2\repository\com\google\code\gson\gson\2.3.1\gson-2.3.1.jar;C:\Users\ramesshh\.m2\repository\org\webjars\ng-tags-input\2.3.0\ng-tags-input-2.3.0.jar;C:\Users\ramesshh\.m2\repository\org\webjars\angular-xeditable\0.1.9\angular-xeditable-0.1.9.jar;C:\Users\ramesshh\.m2\repository\org\apache\poi\poi\3.12\poi-3.12.jar;C:\Users\ramesshh\.m2\repository\org\apache\poi\poi-ooxml\3.12\poi-ooxml-3.12.jar;C:\Users\ramesshh\.m2\repository\org\springframework\spring-test\4.1.6.RELEASE\spring-test-4.1.6.RELEASE.jar;C:\Users\ramesshh\.m2\repository\junit\junit\4.11\junit-4.11.jar;C:\Users\ramesshh\.m2\repository\com\h2database\h2\1.4.185\h2-1.4.185.jar;C:\Users\ramesshh\.m2\repository\commons-beanutils\commons-beanutils\1.9.2\commons-beanutils-1.9.2.jar;C:\Users\ramesshh\.m2\repository\commons-digester\commons-digester\2.1\commons-digester-2.1.jar;C:\Users\ramesshh\.m2\repository\commons-logging\commons-logging\1.2\commons-logging-1.2.jar;C:\Users\ramesshh\.m2\repository\commons-collections\commons-collections\3.2.1\commons-collections-3.2.1.jar;C:\Users\ramesshh\.m2\repository\org\springframework\spring-jdbc\4.1.6.RELEASE\spring-jdbc-4.1.6.RELEASE.jar;C:\Users\ramesshh\.m2\repository\org\springframework\spring-expression\4.1.6.RELEASE\spring-expression-4.1.6.RELEASE.jar;C:\Users\ramesshh\.m2\repository\aopalliance\aopalliance\1.0\aopalliance-1.0.jar;C:\Users\ramesshh\.m2\repository\org\apache\httpcomponents\httpcore\4.3.3\httpcore-4.3.3.jar;C:\Users\ramesshh\.m2\repository\org\jboss\logging\jboss-logging\3.1.3.GA\jboss-logging-3.1.3.GA.jar;C:\Users\ramesshh\.m2\repository\org\jboss\logging\jboss-logging-annotations\1.2.0.Beta1\jboss-logging-annotations-1.2.0.Beta1.jar;C:\Users\ramesshh\.m2\repository\org\jboss\spec\javax\transaction\jboss-transaction-api_1.2_spec\1.0.0.Final\jboss-transaction-api_1.2_spec-1.0.0.Final.jar;C:\Users\ramesshh\.m2\repository\dom4j\dom4j\1.6.1\dom4j-1.6.1.jar;C:\Users\ramesshh\.m2\repository\xml-apis\xml-apis\1.0.b2\xml-apis-1.0.b2.jar;C:\Users\ramesshh\.m2\repository\org\hibernate\common\hibernate-commons-annotations\4.0.5.Final\hibernate-commons-annotations-4.0.5.Final.jar;C:\Users\ramesshh\.m2\repository\org\javassist\javassist\3.18.1-GA\javassist-3.18.1-GA.jar;C:\Users\ramesshh\.m2\repository\antlr\antlr\2.7.7\antlr-2.7.7.jar;C:\Users\ramesshh\.m2\repository\org\jboss\jandex\1.1.0.Final\jandex-1.1.0.Final.jar;C:\Users\ramesshh\.m2\repository\com\fasterxml\classmate\1.0.0\classmate-1.0.0.jar;C:\Users\ramesshh\.m2\repository\com\wordnik\swagger-annotations\1.3.11\swagger-annotations-1.3.11.jar;C:\Users\ramesshh\.m2\repository\com\google\guava\guava\17.0\guava-17.0.jar;C:\Users\ramesshh\.m2\repository\com\mangofactory\swagger-models\0.9.5\swagger-models-0.9.5.jar;C:\Users\ramesshh\.m2\repository\commons-pool\commons-pool\1.6\commons-pool-1.6.jar;C:\Users\ramesshh\.m2\repository\org\webjars\fullcalendar\1.6.4\fullcalendar-1.6.4.jar;C:\Users\ramesshh\.m2\repository\org\webjars\jquery-ui\1.10.3\jquery-ui-1.10.3.jar;C:\Users\ramesshh\.m2\repository\org\apache\poi\poi-ooxml-schemas\3.12\poi-ooxml-schemas-3.12.jar;C:\Users\ramesshh\.m2\repository\org\apache\xmlbeans\xmlbeans\2.6.0\xmlbeans-2.6.0.jar;C:\Users\ramesshh\.m2\repository\stax\stax-api\1.0.1\stax-api-1.0.1.jar;C:\Users\ramesshh\Desktop\Angular\network-assessment\target\classes
-aspectpath
C:\Users\ramesshh\.m2\repository\org\springframework\spring-aspects\4.1.6.RELEASE\spring-aspects-4.1.6.RELEASE.jar
-d
C:\Users\ramesshh\Desktop\Angular\network-assessment\target\classes
C:\Users\ramesshh\Desktop\Angular\network-assessment\src\main\java\com\softql\apicem\api\controller\BaseRestController.java
C:\Users\ramesshh\Desktop\Angular\network-assessment\src\main\java\com\softql\apicem\api\discovery\SearchController.java
C:\Users\ramesshh\Desktop\Angular\network-assessment\src\main\java\com\softql\apicem\api\RestExceptionHandler.java
C:\Users\ramesshh\Desktop\Angular\network-assessment\src\main\java\com\softql\apicem\api\user\CurrentUserController.java
C:\Users\ramesshh\Desktop\Angular\network-assessment\src\main\java\com\softql\apicem\api\user\SignupController.java
C:\Users\ramesshh\Desktop\Angular\network-assessment\src\main\java\com\softql\apicem\api\user\UserController.java
C:\Users\ramesshh\Desktop\Angular\network-assessment\src\main\java\com\softql\apicem\api\user\UserMgtController.java
C:\Users\ramesshh\Desktop\Angular\network-assessment\src\main\java\com\softql\apicem\ApiErrors.java
C:\Users\ramesshh\Desktop\Angular\network-assessment\src\main\java\com\softql\apicem\Application.java
C:\Users\ramesshh\Desktop\Angular\network-assessment\src\main\java\com\softql\apicem\CertTest.java
C:\Users\ramesshh\Desktop\Angular\network-assessment\src\main\java\com\softql\apicem\config\AppConfig.java
C:\Users\ramesshh\Desktop\Angular\network-assessment\src\main\java\com\softql\apicem\config\AppInitializer.java
C:\Users\ramesshh\Desktop\Angular\network-assessment\src\main\java\com\softql\apicem\config\DataJpaConfig.java
C:\Users\ramesshh\Desktop\Angular\network-assessment\src\main\java\com\softql\apicem\config\DataSourceConfig.java
C:\Users\ramesshh\Desktop\Angular\network-assessment\src\main\java\com\softql\apicem\config\Jackson2ObjectMapperConfig.java
C:\Users\ramesshh\Desktop\Angular\network-assessment\src\main\java\com\softql\apicem\config\JpaConfig.java
C:\Users\ramesshh\Desktop\Angular\network-assessment\src\main\java\com\softql\apicem\config\MessageSourceConfig.java
C:\Users\ramesshh\Desktop\Angular\network-assessment\src\main\java\com\softql\apicem\config\SecurityConfig.java
C:\Users\ramesshh\Desktop\Angular\network-assessment\src\main\java\com\softql\apicem\config\SecurityInitializer.java
C:\Users\ramesshh\Desktop\Angular\network-assessment\src\main\java\com\softql\apicem\config\SwaggerConfig.java
C:\Users\ramesshh\Desktop\Angular\network-assessment\src\main\java\com\softql\apicem\config\WebConfig.java
C:\Users\ramesshh\Desktop\Angular\network-assessment\src\main\java\com\softql\apicem\Constants.java
C:\Users\ramesshh\Desktop\Angular\network-assessment\src\main\java\com\softql\apicem\domain\Comment.java
C:\Users\ramesshh\Desktop\Angular\network-assessment\src\main\java\com\softql\apicem\domain\Post.java
C:\Users\ramesshh\Desktop\Angular\network-assessment\src\main\java\com\softql\apicem\domain\User.java
C:\Users\ramesshh\Desktop\Angular\network-assessment\src\main\java\com\softql\apicem\DTOUtils.java
C:\Users\ramesshh\Desktop\Angular\network-assessment\src\main\java\com\softql\apicem\exception\InvalidIpAddressException.java
C:\Users\ramesshh\Desktop\Angular\network-assessment\src\main\java\com\softql\apicem\exception\InvalidRequestException.java
C:\Users\ramesshh\Desktop\Angular\network-assessment\src\main\java\com\softql\apicem\exception\PasswordMismatchedException.java
C:\Users\ramesshh\Desktop\Angular\network-assessment\src\main\java\com\softql\apicem\exception\ResourceNotFoundException.java
C:\Users\ramesshh\Desktop\Angular\network-assessment\src\main\java\com\softql\apicem\exception\SearchException.java
C:\Users\ramesshh\Desktop\Angular\network-assessment\src\main\java\com\softql\apicem\exception\UsernameExistedException.java
C:\Users\ramesshh\Desktop\Angular\network-assessment\src\main\java\com\softql\apicem\model\ApicEmLoginForm.java
C:\Users\ramesshh\Desktop\Angular\network-assessment\src\main\java\com\softql\apicem\model\CommentDetails.java
C:\Users\ramesshh\Desktop\Angular\network-assessment\src\main\java\com\softql\apicem\model\CommentForm.java
C:\Users\ramesshh\Desktop\Angular\network-assessment\src\main\java\com\softql\apicem\model\DeviceDetails.java
C:\Users\ramesshh\Desktop\Angular\network-assessment\src\main\java\com\softql\apicem\model\DeviceQuestionare.java
C:\Users\ramesshh\Desktop\Angular\network-assessment\src\main\java\com\softql\apicem\model\DeviceTag.java
C:\Users\ramesshh\Desktop\Angular\network-assessment\src\main\java\com\softql\apicem\model\DeviceTagResponse.java
C:\Users\ramesshh\Desktop\Angular\network-assessment\src\main\java\com\softql\apicem\model\DiscoveryDevices.java
C:\Users\ramesshh\Desktop\Angular\network-assessment\src\main\java\com\softql\apicem\model\PasswordForm.java
C:\Users\ramesshh\Desktop\Angular\network-assessment\src\main\java\com\softql\apicem\model\PostDetails.java
C:\Users\ramesshh\Desktop\Angular\network-assessment\src\main\java\com\softql\apicem\model\PostForm.java
C:\Users\ramesshh\Desktop\Angular\network-assessment\src\main\java\com\softql\apicem\model\ProfileForm.java
C:\Users\ramesshh\Desktop\Angular\network-assessment\src\main\java\com\softql\apicem\model\Questionare.java
C:\Users\ramesshh\Desktop\Angular\network-assessment\src\main\java\com\softql\apicem\model\ReachabilityDevice.java
C:\Users\ramesshh\Desktop\Angular\network-assessment\src\main\java\com\softql\apicem\model\ReachabilityInfo.java
C:\Users\ramesshh\Desktop\Angular\network-assessment\src\main\java\com\softql\apicem\model\ResponseMessage.java
C:\Users\ramesshh\Desktop\Angular\network-assessment\src\main\java\com\softql\apicem\model\SignupForm.java
C:\Users\ramesshh\Desktop\Angular\network-assessment\src\main\java\com\softql\apicem\model\SimpleUserDetails.java
C:\Users\ramesshh\Desktop\Angular\network-assessment\src\main\java\com\softql\apicem\model\Ticket.java
C:\Users\ramesshh\Desktop\Angular\network-assessment\src\main\java\com\softql\apicem\model\TicketForm.java
C:\Users\ramesshh\Desktop\Angular\network-assessment\src\main\java\com\softql\apicem\model\UserDetails.java
C:\Users\ramesshh\Desktop\Angular\network-assessment\src\main\java\com\softql\apicem\model\UserForm.java
C:\Users\ramesshh\Desktop\Angular\network-assessment\src\main\java\com\softql\apicem\repository\CommentRepository.java
C:\Users\ramesshh\Desktop\Angular\network-assessment\src\main\java\com\softql\apicem\repository\PostRepository.java
C:\Users\ramesshh\Desktop\Angular\network-assessment\src\main\java\com\softql\apicem\repository\PostSpecifications.java
C:\Users\ramesshh\Desktop\Angular\network-assessment\src\main\java\com\softql\apicem\repository\UserRepository.java
C:\Users\ramesshh\Desktop\Angular\network-assessment\src\main\java\com\softql\apicem\repository\UserSpecifications.java
C:\Users\ramesshh\Desktop\Angular\network-assessment\src\main\java\com\softql\apicem\security\CurrentUser.java
C:\Users\ramesshh\Desktop\Angular\network-assessment\src\main\java\com\softql\apicem\security\SecurityUtil.java
C:\Users\ramesshh\Desktop\Angular\network-assessment\src\main\java\com\softql\apicem\security\SimpleUserDetailsServiceImpl.java
C:\Users\ramesshh\Desktop\Angular\network-assessment\src\main\java\com\softql\apicem\service\ApicEmService.java
C:\Users\ramesshh\Desktop\Angular\network-assessment\src\main\java\com\softql\apicem\service\BlogService.java
C:\Users\ramesshh\Desktop\Angular\network-assessment\src\main\java\com\softql\apicem\service\DataImporter.java
C:\Users\ramesshh\Desktop\Angular\network-assessment\src\main\java\com\softql\apicem\service\SearchService.java
C:\Users\ramesshh\Desktop\Angular\network-assessment\src\main\java\com\softql\apicem\service\SslRestTemplateFactoryBean.java
C:\Users\ramesshh\Desktop\Angular\network-assessment\src\main\java\com\softql\apicem\service\TrustSelfSignedCertHttpClientFactory.java
C:\Users\ramesshh\Desktop\Angular\network-assessment\src\main\java\com\softql\apicem\service\UserService.java
C:\Users\ramesshh\Desktop\Angular\network-assessment\src\main\java\com\softql\apicem\util\ApicemUtils.java
C:\Users\ramesshh\Desktop\Angular\network-assessment\src\main\java\com\softql\apicem\util\IPAddressUtils.java
C:\Users\ramesshh\Desktop\Angular\network-assessment\src\main\java\com\softql\apicem\util\ServiceURLS.java
C:\Users\ramesshh\Desktop\Angular\network-assessment\src\main\java\com\softql\apicem\util\URLUtil.java
C:\Users\ramesshh\Desktop\Angular\network-assessment\target\generated-sources\java\com\softql\apicem\domain\Comment_.java
C:\Users\ramesshh\Desktop\Angular\network-assessment\target\generated-sources\java\com\softql\apicem\domain\Post_.java
C:\Users\ramesshh\Desktop\Angular\network-assessment\target\generated-sources\java\com\softql\apicem\domain\User_.java
